e:\c++\projects\gameengine\gameengine\gameengine\debug\vc142.pdb
e:\c++\projects\gameengine\gameengine\gameengine\debug\vc142.idb
e:\c++\projects\gameengine\gameengine\gameengine\debug\texture.obj
e:\c++\projects\gameengine\gameengine\gameengine\debug\stb_image.obj
e:\c++\projects\gameengine\gameengine\gameengine\debug\sprite.obj
e:\c++\projects\gameengine\gameengine\gameengine\debug\physicsengine.obj
e:\c++\projects\gameengine\gameengine\gameengine\debug\physicalcomponents.obj
e:\c++\projects\gameengine\gameengine\gameengine\debug\observer.obj
e:\c++\projects\gameengine\gameengine\gameengine\debug\networkhandler.obj
e:\c++\projects\gameengine\gameengine\gameengine\debug\modelhandler.obj
e:\c++\projects\gameengine\gameengine\gameengine\debug\modelcomponent.obj
e:\c++\projects\gameengine\gameengine\gameengine\debug\main.obj
e:\c++\projects\gameengine\gameengine\gameengine\debug\lightcomponent.obj
e:\c++\projects\gameengine\gameengine\gameengine\debug\inputhandling.obj
e:\c++\projects\gameengine\gameengine\gameengine\debug\imagecomponent.obj
e:\c++\projects\gameengine\gameengine\gameengine\debug\hudhandling.obj
e:\c++\projects\gameengine\gameengine\gameengine\debug\graphicalsystem.obj
e:\c++\projects\gameengine\gameengine\gameengine\debug\gameplayhandler.obj
e:\c++\projects\gameengine\gameengine\gameengine\debug\game.obj
e:\c++\projects\gameengine\gameengine\gameengine\debug\entity.obj
e:\c++\projects\gameengine\gameengine\gameengine\debug\charactercomponent.obj
e:\c++\projects\gameengine\gameengine\gameengine\debug\aiengine.obj
e:\c++\projects\gameengine\gameengine\gameengine\debug\world.obj
e:\c++\projects\gameengine\gameengine\gameengine\debug\transformcomponent.obj
e:\c++\projects\gameengine\gameengine\gameengine\debug\texturehandler.obj
e:\c++\projects\gameengine\gameengine\gameengine\debug\glad.obj
e:\c++\projects\gameengine\gameengine\gameengine\debug\interactableobjectcomponent.obj
e:\c++\projects\gameengine\gameengine\debug\gameengine.exe
e:\c++\projects\gameengine\gameengine\debug\gameengine.pdb
e:\c++\projects\gameengine\gameengine\gameengine\debug\gameengine.tlog\cl.command.1.tlog
e:\c++\projects\gameengine\gameengine\gameengine\debug\gameengine.tlog\cl.read.1.tlog
e:\c++\projects\gameengine\gameengine\gameengine\debug\gameengine.tlog\cl.write.1.tlog
e:\c++\projects\gameengine\gameengine\gameengine\debug\gameengine.tlog\link.command.1.tlog
e:\c++\projects\gameengine\gameengine\gameengine\debug\gameengine.tlog\link.read.1.tlog
e:\c++\projects\gameengine\gameengine\gameengine\debug\gameengine.tlog\link.write.1.tlog
